2023.04.02 16:19:50 INFO  Started: Metals version 0.11.11 in workspace '/Users/bientran/Downloads/assignment3-initial' for client Visual Studio Code 1.76.2.[0m
SLF4J: No SLF4J providers were found.
SLF4J: Defaulting to no-operation (NOP) logger implementation
SLF4J: See https://www.slf4j.org/codes.html#noProviders for further details.
SLF4J: Class path contains SLF4J bindings targeting slf4j-api versions 1.7.x or earlier.
SLF4J: Ignoring binding found at [jar:file:/Users/bientran/Library/Caches/Coursier/v1/https/repo1.maven.org/maven2/com/outr/scribe-slf4j_2.13/3.11.0/scribe-slf4j_2.13-3.11.0.jar!/org/slf4j/impl/StaticLoggerBinder.class]
SLF4J: See https://www.slf4j.org/codes.html#ignoredBindings for an explanation.
2023.04.02 16:19:51 INFO  time: initialize in 0.92s[0m
2023.04.02 16:19:53 WARN  Build server is not auto-connectable.[0m
2023.04.02 16:19:53 WARN  no build tool detected in workspace '/Users/bientran/Downloads/assignment3-initial'. The most common cause for this problem is that the editor was opened in the wrong working directory, for example if you use sbt then the workspace directory should contain build.sbt. [0m
2023.04.02 16:19:53 WARN  no build target for: /Users/bientran/Downloads/assignment3-initial/src/main/mt22/parser/MT22Listener.java[0m
Apr 02, 2023 4:19:53 PM org.eclipse.lsp4j.jsonrpc.RemoteEndpoint handleCancellation
WARNING: Unmatched cancel notification for request id 1
2023.04.02 16:19:54 WARN  no build target for: /Users/bientran/Downloads/assignment3-initial/src/main/mt22/parser/MT22Parser.java[0m
Apr 02, 2023 4:19:55 PM org.eclipse.lsp4j.jsonrpc.RemoteEndpoint handleCancellation
WARNING: Unmatched cancel notification for request id 11
2023.04.02 16:19:58 INFO  time: code lens generation in 4.41s[0m
2023.04.02 16:19:58 INFO  time: code lens generation in 3.06s[0m
2023.04.02 16:19:58 INFO  time: code lens generation in 2.7s[0m
2023.04.02 21:46:51 INFO  Shutting down server[0m
2023.04.02 21:46:51 INFO  shutting down Metals[0m
2023.04.02 21:46:51 INFO  Exiting server[0m
2023.04.09 19:49:37 INFO  Started: Metals version 0.11.11 in workspace '/Users/bientran/Downloads/assignment3-initial' for client Visual Studio Code 1.77.1.[0m
SLF4J: No SLF4J providers were found.
SLF4J: Defaulting to no-operation (NOP) logger implementation
SLF4J: See https://www.slf4j.org/codes.html#noProviders for further details.
SLF4J: Class path contains SLF4J bindings targeting slf4j-api versions 1.7.x or earlier.
SLF4J: Ignoring binding found at [jar:file:/Users/bientran/Library/Caches/Coursier/v1/https/repo1.maven.org/maven2/com/outr/scribe-slf4j_2.13/3.11.0/scribe-slf4j_2.13-3.11.0.jar!/org/slf4j/impl/StaticLoggerBinder.class]
SLF4J: See https://www.slf4j.org/codes.html#ignoredBindings for an explanation.
2023.04.09 19:49:38 INFO  time: initialize in 0.53s[0m
2023.04.09 19:49:39 WARN  Build server is not auto-connectable.[0m
2023.04.09 19:49:39 WARN  no build tool detected in workspace '/Users/bientran/Downloads/assignment3-initial'. The most common cause for this problem is that the editor was opened in the wrong working directory, for example if you use sbt then the workspace directory should contain build.sbt. [0m
2023.04.10 16:25:08 WARN  no build target for: /Users/bientran/Downloads/assignment3-initial/src/main/mt22/parser/MT22Listener.java[0m
2023.04.10 16:25:08 WARN  no build target for: /Users/bientran/Downloads/assignment3-initial/src/main/mt22/parser/MT22Parser.java[0m
2023.04.10 16:25:11 INFO  time: code lens generation in 1.22s[0m
2023.04.10 16:25:11 INFO  time: code lens generation in 2.84s[0m
2023.04.10 19:31:30 INFO  Shutting down server[0m
2023.04.10 19:31:30 INFO  shutting down Metals[0m
2023.04.10 19:31:30 INFO  Exiting server[0m
