2023.03.09 16:46:40 INFO  Started: Metals version 0.11.11 in workspace '/Users/bientran/Downloads/assignment1-initial' for client Visual Studio Code 1.76.0.[0m
SLF4J: No SLF4J providers were found.
SLF4J: Defaulting to no-operation (NOP) logger implementation
SLF4J: See https://www.slf4j.org/codes.html#noProviders for further details.
SLF4J: Class path contains SLF4J bindings targeting slf4j-api versions 1.7.x or earlier.
SLF4J: Ignoring binding found at [jar:file:/Users/bientran/Library/Caches/Coursier/v1/https/repo1.maven.org/maven2/com/outr/scribe-slf4j_2.13/3.11.0/scribe-slf4j_2.13-3.11.0.jar!/org/slf4j/impl/StaticLoggerBinder.class]
SLF4J: See https://www.slf4j.org/codes.html#ignoredBindings for an explanation.
2023.03.09 16:46:40 INFO  time: initialize in 0.33s[0m
2023.03.09 16:46:41 WARN  Build server is not auto-connectable.[0m
2023.03.09 16:46:41 WARN  no build tool detected in workspace '/Users/bientran/Downloads/assignment1-initial'. The most common cause for this problem is that the editor was opened in the wrong working directory, for example if you use sbt then the workspace directory should contain build.sbt. [0m
2023.03.09 21:39:33 INFO  Shutting down server[0m
2023.03.09 21:39:33 INFO  shutting down Metals[0m
2023.03.09 21:39:33 INFO  Exiting server[0m
2023.03.14 11:41:32 INFO  Started: Metals version 0.11.11 in workspace '/Users/bientran/Downloads/assignment1-initial' for client Visual Studio Code 1.76.0.[0m
SLF4J: No SLF4J providers were found.
SLF4J: Defaulting to no-operation (NOP) logger implementation
SLF4J: See https://www.slf4j.org/codes.html#noProviders for further details.
SLF4J: Class path contains SLF4J bindings targeting slf4j-api versions 1.7.x or earlier.
SLF4J: Ignoring binding found at [jar:file:/Users/bientran/Library/Caches/Coursier/v1/https/repo1.maven.org/maven2/com/outr/scribe-slf4j_2.13/3.11.0/scribe-slf4j_2.13-3.11.0.jar!/org/slf4j/impl/StaticLoggerBinder.class]
SLF4J: See https://www.slf4j.org/codes.html#ignoredBindings for an explanation.
2023.03.14 11:41:33 INFO  time: initialize in 0.81s[0m
2023.03.14 11:41:35 WARN  Build server is not auto-connectable.[0m
2023.03.14 11:41:35 WARN  no build tool detected in workspace '/Users/bientran/Downloads/assignment1-initial'. The most common cause for this problem is that the editor was opened in the wrong working directory, for example if you use sbt then the workspace directory should contain build.sbt. [0m
2023.03.14 11:41:35 WARN  no build target for: /Users/bientran/Downloads/assignment1-initial/src/main/mt22/parser/MT22Parser.java[0m
Mar 14, 2023 11:41:36 AM org.eclipse.lsp4j.jsonrpc.RemoteEndpoint handleCancellation
WARNING: Unmatched cancel notification for request id 1
2023.03.14 11:41:38 INFO  time: code lens generation in 1.85s[0m
2023.03.14 12:09:49 INFO  time: code lens generation in 1.79s[0m
2023.03.14 14:33:43 INFO  Shutting down server[0m
2023.03.14 14:33:43 INFO  shutting down Metals[0m
2023.03.14 14:33:43 INFO  Exiting server[0m
2023.03.15 15:27:16 INFO  Started: Metals version 0.11.11 in workspace '/Users/bientran/Downloads/assignment1-initial' for client Visual Studio Code 1.76.1.[0m
SLF4J: No SLF4J providers were found.
SLF4J: Defaulting to no-operation (NOP) logger implementation
SLF4J: See https://www.slf4j.org/codes.html#noProviders for further details.
SLF4J: Class path contains SLF4J bindings targeting slf4j-api versions 1.7.x or earlier.
SLF4J: Ignoring binding found at [jar:file:/Users/bientran/Library/Caches/Coursier/v1/https/repo1.maven.org/maven2/com/outr/scribe-slf4j_2.13/3.11.0/scribe-slf4j_2.13-3.11.0.jar!/org/slf4j/impl/StaticLoggerBinder.class]
SLF4J: See https://www.slf4j.org/codes.html#ignoredBindings for an explanation.
2023.03.15 15:27:17 INFO  time: initialize in 0.98s[0m
2023.03.15 15:27:21 WARN  Build server is not auto-connectable.[0m
2023.03.15 15:27:21 WARN  no build tool detected in workspace '/Users/bientran/Downloads/assignment1-initial'. The most common cause for this problem is that the editor was opened in the wrong working directory, for example if you use sbt then the workspace directory should contain build.sbt. [0m
2023.03.15 15:27:21 WARN  no build target for: /Users/bientran/Downloads/assignment1-initial/src/main/mt22/parser/MT22Parser.java[0m
2023.03.16 00:55:31 INFO  Shutting down server[0m
2023.03.16 00:55:31 INFO  shutting down Metals[0m
2023.03.16 00:55:31 INFO  Exiting server[0m
2023.03.30 20:05:20 INFO  Started: Metals version 0.11.11 in workspace '/Users/bientran/Downloads/assignment1-initial' for client Visual Studio Code 1.76.2.
SLF4J: No SLF4J providers were found.
SLF4J: Defaulting to no-operation (NOP) logger implementation
SLF4J: See https://www.slf4j.org/codes.html#noProviders for further details.
SLF4J: Class path contains SLF4J bindings targeting slf4j-api versions 1.7.x or earlier.
SLF4J: Ignoring binding found at [jar:file:/Users/bientran/Library/Caches/Coursier/v1/https/repo1.maven.org/maven2/com/outr/scribe-slf4j_2.13/3.11.0/scribe-slf4j_2.13-3.11.0.jar!/org/slf4j/impl/StaticLoggerBinder.class]
SLF4J: See https://www.slf4j.org/codes.html#ignoredBindings for an explanation.
2023.03.30 20:05:21 INFO  time: initialize in 0.51s
2023.03.30 20:05:22 WARN  Build server is not auto-connectable.
2023.03.30 20:05:22 WARN  no build tool detected in workspace '/Users/bientran/Downloads/assignment1-initial'. The most common cause for this problem is that the editor was opened in the wrong working directory, for example if you use sbt then the workspace directory should contain build.sbt. 
2023.03.30 20:05:46 INFO  Shutting down server
2023.03.30 20:05:46 INFO  shutting down Metals
2023.03.30 20:05:46 INFO  Exiting server
